0 info it worked if it ends with ok
1 verbose cli [ '/usr/bin/node', '/usr/bin/npm', 'install', 'httpie' ]
2 info using npm@1.4.21
3 info using node@v0.10.30
4 verbose node symlink /usr/bin/node
5 verbose cache add [ 'httpie', null ]
6 verbose cache add name=undefined spec="httpie" args=["httpie",null]
7 verbose parsed url { protocol: null,
7 verbose parsed url   slashes: null,
7 verbose parsed url   auth: null,
7 verbose parsed url   host: null,
7 verbose parsed url   port: null,
7 verbose parsed url   hostname: null,
7 verbose parsed url   hash: null,
7 verbose parsed url   search: null,
7 verbose parsed url   query: null,
7 verbose parsed url   pathname: 'httpie',
7 verbose parsed url   path: 'httpie',
7 verbose parsed url   href: 'httpie' }
8 silly lockFile ec63e05c-httpie httpie
9 verbose lock httpie /home/rankun203/.npm/ec63e05c-httpie.lock
10 silly lockFile ec63e05c-httpie httpie
11 silly lockFile ec63e05c-httpie httpie
12 verbose addNamed [ 'httpie', '' ]
13 verbose addNamed [ null, '*' ]
14 silly lockFile d2136059-httpie httpie@
15 verbose lock httpie@ /home/rankun203/.npm/d2136059-httpie.lock
16 silly addNameRange { name: 'httpie', range: '*', hasData: false }
17 verbose request where is /httpie
18 verbose request registry https://registry.npmjs.org/
19 verbose request id ea2257526a1b3df3
20 verbose url raw /httpie
21 verbose url resolving [ 'https://registry.npmjs.org/', './httpie' ]
22 verbose url resolved https://registry.npmjs.org/httpie
23 verbose request where is https://registry.npmjs.org/httpie
24 info trying registry request attempt 1 at 10:05:00
25 http GET https://registry.npmjs.org/httpie
26 http 404 https://registry.npmjs.org/httpie
27 verbose headers { date: 'Wed, 13 Aug 2014 02:05:00 GMT',
27 verbose headers   server: 'CouchDB/1.5.0 (Erlang OTP/R16B03)',
27 verbose headers   'content-type': 'application/json',
27 verbose headers   'cache-control': 'max-age=0',
27 verbose headers   'content-length': '52',
27 verbose headers   'accept-ranges': 'bytes',
27 verbose headers   via: '1.1 varnish',
27 verbose headers   age: '0',
27 verbose headers   'x-served-by': 'cache-ty66-TYO',
27 verbose headers   'x-cache': 'MISS',
27 verbose headers   'x-cache-hits': '0',
27 verbose headers   'x-timer': 'S1407895500.532897,VS0,VE133',
27 verbose headers   'keep-alive': 'timeout=10, max=50',
27 verbose headers   connection: 'Keep-Alive' }
28 silly registry.get cb [ 404,
28 silly registry.get   { date: 'Wed, 13 Aug 2014 02:05:00 GMT',
28 silly registry.get     server: 'CouchDB/1.5.0 (Erlang OTP/R16B03)',
28 silly registry.get     'content-type': 'application/json',
28 silly registry.get     'cache-control': 'max-age=0',
28 silly registry.get     'content-length': '52',
28 silly registry.get     'accept-ranges': 'bytes',
28 silly registry.get     via: '1.1 varnish',
28 silly registry.get     age: '0',
28 silly registry.get     'x-served-by': 'cache-ty66-TYO',
28 silly registry.get     'x-cache': 'MISS',
28 silly registry.get     'x-cache-hits': '0',
28 silly registry.get     'x-timer': 'S1407895500.532897,VS0,VE133',
28 silly registry.get     'keep-alive': 'timeout=10, max=50',
28 silly registry.get     connection: 'Keep-Alive' } ]
29 silly lockFile d2136059-httpie httpie@
30 silly lockFile d2136059-httpie httpie@
31 error 404 404 Not Found: httpie
31 error 404
31 error 404 'httpie' is not in the npm registry.
31 error 404 You should bug the author to publish it
31 error 404
31 error 404 Note that you can also install from a
31 error 404 tarball, folder, or http url, or git url.
32 error System Linux 3.15.4-x86_64-linode45
33 error command "/usr/bin/node" "/usr/bin/npm" "install" "httpie"
34 error cwd /home/rankun203/git/dotfiles/extra/scripts
35 error node -v v0.10.30
36 error npm -v 1.4.21
37 error code E404
38 verbose exit [ 1, true ]
